{
  "C:\\Users\\CAMILO\\Desktop\\bootcamp-project\\src\\context\\ItemsContext\\ItemsContext.js": {
    "path": "C:\\Users\\CAMILO\\Desktop\\bootcamp-project\\src\\context\\ItemsContext\\ItemsContext.js",
    "statementMap": {
      "0": {
        "start": {
          "line": 4,
          "column": 21
        },
        "end": {
          "line": 4,
          "column": 42
        }
      }
    },
    "fnMap": {},
    "branchMap": {},
    "s": {
      "0": 26
    },
    "f": {},
    "b": {},
    "_coverageSchema": "1a1c01bbd47fc00a2c39e90264f33305004495a9",
    "hash": "6ce0b9ec0af81f82afc47043b3fbec261e54c9e1"
  },
  "C:\\Users\\CAMILO\\Desktop\\bootcamp-project\\src\\requests\\index.js": {
    "path": "C:\\Users\\CAMILO\\Desktop\\bootcamp-project\\src\\requests\\index.js",
    "statementMap": {
      "0": {
        "start": {
          "line": 1,
          "column": 12
        },
        "end": {
          "line": 1,
          "column": 51
        }
      },
      "1": {
        "start": {
          "line": 2,
          "column": 20
        },
        "end": {
          "line": 2,
          "column": 104
        }
      },
      "2": {
        "start": {
          "line": 6,
          "column": 1
        },
        "end": {
          "line": 6,
          "column": 92
        }
      },
      "3": {
        "start": {
          "line": 10,
          "column": 1
        },
        "end": {
          "line": 10,
          "column": 58
        }
      },
      "4": {
        "start": {
          "line": 11,
          "column": 1
        },
        "end": {
          "line": 11,
          "column": 77
        }
      },
      "5": {
        "start": {
          "line": 15,
          "column": 1
        },
        "end": {
          "line": 24,
          "column": 4
        }
      },
      "6": {
        "start": {
          "line": 16,
          "column": 2
        },
        "end": {
          "line": 16,
          "column": 65
        }
      },
      "7": {
        "start": {
          "line": 16,
          "column": 32
        },
        "end": {
          "line": 16,
          "column": 65
        }
      },
      "8": {
        "start": {
          "line": 17,
          "column": 21
        },
        "end": {
          "line": 17,
          "column": 45
        }
      },
      "9": {
        "start": {
          "line": 18,
          "column": 2
        },
        "end": {
          "line": 23,
          "column": 6
        }
      },
      "10": {
        "start": {
          "line": 19,
          "column": 18
        },
        "end": {
          "line": 19,
          "column": 28
        }
      },
      "11": {
        "start": {
          "line": 20,
          "column": 18
        },
        "end": {
          "line": 20,
          "column": 43
        }
      },
      "12": {
        "start": {
          "line": 22,
          "column": 4
        },
        "end": {
          "line": 22,
          "column": 31
        }
      }
    },
    "fnMap": {
      "0": {
        "name": "getAllItems",
        "decl": {
          "start": {
            "line": 5,
            "column": 16
          },
          "end": {
            "line": 5,
            "column": 27
          }
        },
        "loc": {
          "start": {
            "line": 5,
            "column": 45
          },
          "end": {
            "line": 7,
            "column": 1
          }
        },
        "line": 5
      },
      "1": {
        "name": "getSingleItemById",
        "decl": {
          "start": {
            "line": 9,
            "column": 16
          },
          "end": {
            "line": 9,
            "column": 33
          }
        },
        "loc": {
          "start": {
            "line": 9,
            "column": 50
          },
          "end": {
            "line": 12,
            "column": 1
          }
        },
        "line": 9
      },
      "2": {
        "name": "getAllCharactersByStartName",
        "decl": {
          "start": {
            "line": 14,
            "column": 16
          },
          "end": {
            "line": 14,
            "column": 43
          }
        },
        "loc": {
          "start": {
            "line": 14,
            "column": 50
          },
          "end": {
            "line": 25,
            "column": 1
          }
        },
        "line": 14
      },
      "3": {
        "name": "(anonymous_3)",
        "decl": {
          "start": {
            "line": 15,
            "column": 20
          },
          "end": {
            "line": 15,
            "column": 21
          }
        },
        "loc": {
          "start": {
            "line": 15,
            "column": 41
          },
          "end": {
            "line": 24,
            "column": 2
          }
        },
        "line": 15
      },
      "4": {
        "name": "(anonymous_4)",
        "decl": {
          "start": {
            "line": 19,
            "column": 9
          },
          "end": {
            "line": 19,
            "column": 10
          }
        },
        "loc": {
          "start": {
            "line": 19,
            "column": 18
          },
          "end": {
            "line": 19,
            "column": 28
          }
        },
        "line": 19
      },
      "5": {
        "name": "(anonymous_5)",
        "decl": {
          "start": {
            "line": 20,
            "column": 9
          },
          "end": {
            "line": 20,
            "column": 10
          }
        },
        "loc": {
          "start": {
            "line": 20,
            "column": 18
          },
          "end": {
            "line": 20,
            "column": 43
          }
        },
        "line": 20
      },
      "6": {
        "name": "(anonymous_6)",
        "decl": {
          "start": {
            "line": 21,
            "column": 10
          },
          "end": {
            "line": 21,
            "column": 11
          }
        },
        "loc": {
          "start": {
            "line": 21,
            "column": 16
          },
          "end": {
            "line": 23,
            "column": 4
          }
        },
        "line": 21
      }
    },
    "branchMap": {
      "0": {
        "loc": {
          "start": {
            "line": 16,
            "column": 2
          },
          "end": {
            "line": 16,
            "column": 65
          }
        },
        "type": "if",
        "locations": [
          {
            "start": {
              "line": 16,
              "column": 2
            },
            "end": {
              "line": 16,
              "column": 65
            }
          },
          {
            "start": {
              "line": 16,
              "column": 2
            },
            "end": {
              "line": 16,
              "column": 65
            }
          }
        ],
        "line": 16
      }
    },
    "s": {
      "0": 26,
      "1": 26,
      "2": 29,
      "3": 1,
      "4": 1,
      "5": 6,
      "6": 6,
      "7": 0,
      "8": 6,
      "9": 6,
      "10": 6,
      "11": 6,
      "12": 0
    },
    "f": {
      "0": 29,
      "1": 1,
      "2": 6,
      "3": 6,
      "4": 6,
      "5": 6,
      "6": 0
    },
    "b": {
      "0": [
        0,
        6
      ]
    },
    "_coverageSchema": "1a1c01bbd47fc00a2c39e90264f33305004495a9",
    "hash": "b9ede56038de53f83285a2a3505d6bda1c58c620"
  },
  "C:\\Users\\CAMILO\\Desktop\\bootcamp-project\\src\\context\\types.js": {
    "path": "C:\\Users\\CAMILO\\Desktop\\bootcamp-project\\src\\context\\types.js",
    "statementMap": {
      "0": {
        "start": {
          "line": 1,
          "column": 33
        },
        "end": {
          "line": 1,
          "column": 52
        }
      },
      "1": {
        "start": {
          "line": 2,
          "column": 29
        },
        "end": {
          "line": 2,
          "column": 44
        }
      },
      "2": {
        "start": {
          "line": 3,
          "column": 29
        },
        "end": {
          "line": 3,
          "column": 44
        }
      },
      "3": {
        "start": {
          "line": 4,
          "column": 29
        },
        "end": {
          "line": 4,
          "column": 44
        }
      },
      "4": {
        "start": {
          "line": 5,
          "column": 36
        },
        "end": {
          "line": 5,
          "column": 58
        }
      }
    },
    "fnMap": {},
    "branchMap": {},
    "s": {
      "0": 26,
      "1": 26,
      "2": 26,
      "3": 26,
      "4": 26
    },
    "f": {},
    "b": {},
    "_coverageSchema": "1a1c01bbd47fc00a2c39e90264f33305004495a9",
    "hash": "c7faef6be0bfa54102794ae9d3620ae9d1c3807c"
  },
  "C:\\Users\\CAMILO\\Desktop\\bootcamp-project\\src\\context\\ItemsContext\\ItemsReducer.js": {
    "path": "C:\\Users\\CAMILO\\Desktop\\bootcamp-project\\src\\context\\ItemsContext\\ItemsReducer.js",
    "statementMap": {
      "0": {
        "start": {
          "line": 3,
          "column": 22
        },
        "end": {
          "line": 36,
          "column": 1
        }
      },
      "1": {
        "start": {
          "line": 4,
          "column": 3
        },
        "end": {
          "line": 35,
          "column": 4
        }
      },
      "2": {
        "start": {
          "line": 6,
          "column": 9
        },
        "end": {
          "line": 9,
          "column": 10
        }
      },
      "3": {
        "start": {
          "line": 12,
          "column": 9
        },
        "end": {
          "line": 15,
          "column": 10
        }
      },
      "4": {
        "start": {
          "line": 18,
          "column": 9
        },
        "end": {
          "line": 21,
          "column": 10
        }
      },
      "5": {
        "start": {
          "line": 23,
          "column": 9
        },
        "end": {
          "line": 26,
          "column": 10
        }
      },
      "6": {
        "start": {
          "line": 28,
          "column": 9
        },
        "end": {
          "line": 31,
          "column": 10
        }
      },
      "7": {
        "start": {
          "line": 34,
          "column": 9
        },
        "end": {
          "line": 34,
          "column": 22
        }
      }
    },
    "fnMap": {
      "0": {
        "name": "(anonymous_0)",
        "decl": {
          "start": {
            "line": 3,
            "column": 22
          },
          "end": {
            "line": 3,
            "column": 23
          }
        },
        "loc": {
          "start": {
            "line": 3,
            "column": 41
          },
          "end": {
            "line": 36,
            "column": 1
          }
        },
        "line": 3
      }
    },
    "branchMap": {
      "0": {
        "loc": {
          "start": {
            "line": 4,
            "column": 3
          },
          "end": {
            "line": 35,
            "column": 4
          }
        },
        "type": "switch",
        "locations": [
          {
            "start": {
              "line": 5,
              "column": 6
            },
            "end": {
              "line": 9,
              "column": 10
            }
          },
          {
            "start": {
              "line": 11,
              "column": 6
            },
            "end": {
              "line": 15,
              "column": 10
            }
          },
          {
            "start": {
              "line": 17,
              "column": 6
            },
            "end": {
              "line": 21,
              "column": 10
            }
          },
          {
            "start": {
              "line": 22,
              "column": 6
            },
            "end": {
              "line": 26,
              "column": 10
            }
          },
          {
            "start": {
              "line": 27,
              "column": 6
            },
            "end": {
              "line": 31,
              "column": 10
            }
          },
          {
            "start": {
              "line": 33,
              "column": 6
            },
            "end": {
              "line": 34,
              "column": 22
            }
          }
        ],
        "line": 4
      }
    },
    "s": {
      "0": 26,
      "1": 13,
      "2": 10,
      "3": 0,
      "4": 0,
      "5": 0,
      "6": 3,
      "7": 0
    },
    "f": {
      "0": 13
    },
    "b": {
      "0": [
        10,
        0,
        0,
        0,
        3,
        0
      ]
    },
    "_coverageSchema": "1a1c01bbd47fc00a2c39e90264f33305004495a9",
    "hash": "55cd929544b7f6f45b7570a3f2bee2174b3981d3"
  },
  "C:\\Users\\CAMILO\\Desktop\\bootcamp-project\\src\\assets\\index.js": {
    "path": "C:\\Users\\CAMILO\\Desktop\\bootcamp-project\\src\\assets\\index.js",
    "statementMap": {
      "0": {
        "start": {
          "line": 3,
          "column": 23
        },
        "end": {
          "line": 5,
          "column": 1
        }
      },
      "1": {
        "start": {
          "line": 4,
          "column": 3
        },
        "end": {
          "line": 4,
          "column": 38
        }
      },
      "2": {
        "start": {
          "line": 7,
          "column": 25
        },
        "end": {
          "line": 11,
          "column": 1
        }
      },
      "3": {
        "start": {
          "line": 8,
          "column": 22
        },
        "end": {
          "line": 8,
          "column": 73
        }
      },
      "4": {
        "start": {
          "line": 8,
          "column": 51
        },
        "end": {
          "line": 8,
          "column": 72
        }
      },
      "5": {
        "start": {
          "line": 9,
          "column": 3
        },
        "end": {
          "line": 9,
          "column": 36
        }
      },
      "6": {
        "start": {
          "line": 9,
          "column": 19
        },
        "end": {
          "line": 9,
          "column": 36
        }
      },
      "7": {
        "start": {
          "line": 10,
          "column": 3
        },
        "end": {
          "line": 10,
          "column": 15
        }
      },
      "8": {
        "start": {
          "line": 13,
          "column": 37
        },
        "end": {
          "line": 18,
          "column": 1
        }
      },
      "9": {
        "start": {
          "line": 14,
          "column": 3
        },
        "end": {
          "line": 14,
          "column": 80
        }
      },
      "10": {
        "start": {
          "line": 14,
          "column": 31
        },
        "end": {
          "line": 14,
          "column": 80
        }
      },
      "11": {
        "start": {
          "line": 15,
          "column": 3
        },
        "end": {
          "line": 15,
          "column": 72
        }
      },
      "12": {
        "start": {
          "line": 15,
          "column": 27
        },
        "end": {
          "line": 15,
          "column": 72
        }
      },
      "13": {
        "start": {
          "line": 16,
          "column": 3
        },
        "end": {
          "line": 16,
          "column": 72
        }
      },
      "14": {
        "start": {
          "line": 16,
          "column": 27
        },
        "end": {
          "line": 16,
          "column": 72
        }
      },
      "15": {
        "start": {
          "line": 17,
          "column": 3
        },
        "end": {
          "line": 17,
          "column": 72
        }
      },
      "16": {
        "start": {
          "line": 17,
          "column": 27
        },
        "end": {
          "line": 17,
          "column": 72
        }
      },
      "17": {
        "start": {
          "line": 20,
          "column": 39
        },
        "end": {
          "line": 24,
          "column": 1
        }
      },
      "18": {
        "start": {
          "line": 21,
          "column": 17
        },
        "end": {
          "line": 21,
          "column": 26
        }
      },
      "19": {
        "start": {
          "line": 22,
          "column": 3
        },
        "end": {
          "line": 22,
          "column": 73
        }
      },
      "20": {
        "start": {
          "line": 22,
          "column": 27
        },
        "end": {
          "line": 22,
          "column": 73
        }
      },
      "21": {
        "start": {
          "line": 23,
          "column": 3
        },
        "end": {
          "line": 23,
          "column": 15
        }
      }
    },
    "fnMap": {
      "0": {
        "name": "(anonymous_0)",
        "decl": {
          "start": {
            "line": 3,
            "column": 23
          },
          "end": {
            "line": 3,
            "column": 24
          }
        },
        "loc": {
          "start": {
            "line": 3,
            "column": 31
          },
          "end": {
            "line": 5,
            "column": 1
          }
        },
        "line": 3
      },
      "1": {
        "name": "(anonymous_1)",
        "decl": {
          "start": {
            "line": 7,
            "column": 25
          },
          "end": {
            "line": 7,
            "column": 26
          }
        },
        "loc": {
          "start": {
            "line": 7,
            "column": 49
          },
          "end": {
            "line": 11,
            "column": 1
          }
        },
        "line": 7
      },
      "2": {
        "name": "(anonymous_2)",
        "decl": {
          "start": {
            "line": 8,
            "column": 40
          },
          "end": {
            "line": 8,
            "column": 41
          }
        },
        "loc": {
          "start": {
            "line": 8,
            "column": 51
          },
          "end": {
            "line": 8,
            "column": 72
          }
        },
        "line": 8
      },
      "3": {
        "name": "(anonymous_3)",
        "decl": {
          "start": {
            "line": 13,
            "column": 37
          },
          "end": {
            "line": 13,
            "column": 38
          }
        },
        "loc": {
          "start": {
            "line": 13,
            "column": 54
          },
          "end": {
            "line": 18,
            "column": 1
          }
        },
        "line": 13
      },
      "4": {
        "name": "(anonymous_4)",
        "decl": {
          "start": {
            "line": 20,
            "column": 39
          },
          "end": {
            "line": 20,
            "column": 40
          }
        },
        "loc": {
          "start": {
            "line": 20,
            "column": 49
          },
          "end": {
            "line": 24,
            "column": 1
          }
        },
        "line": 20
      }
    },
    "branchMap": {
      "0": {
        "loc": {
          "start": {
            "line": 9,
            "column": 3
          },
          "end": {
            "line": 9,
            "column": 36
          }
        },
        "type": "if",
        "locations": [
          {
            "start": {
              "line": 9,
              "column": 3
            },
            "end": {
              "line": 9,
              "column": 36
            }
          },
          {
            "start": {
              "line": 9,
              "column": 3
            },
            "end": {
              "line": 9,
              "column": 36
            }
          }
        ],
        "line": 9
      },
      "1": {
        "loc": {
          "start": {
            "line": 14,
            "column": 3
          },
          "end": {
            "line": 14,
            "column": 80
          }
        },
        "type": "if",
        "locations": [
          {
            "start": {
              "line": 14,
              "column": 3
            },
            "end": {
              "line": 14,
              "column": 80
            }
          },
          {
            "start": {
              "line": 14,
              "column": 3
            },
            "end": {
              "line": 14,
              "column": 80
            }
          }
        ],
        "line": 14
      },
      "2": {
        "loc": {
          "start": {
            "line": 15,
            "column": 3
          },
          "end": {
            "line": 15,
            "column": 72
          }
        },
        "type": "if",
        "locations": [
          {
            "start": {
              "line": 15,
              "column": 3
            },
            "end": {
              "line": 15,
              "column": 72
            }
          },
          {
            "start": {
              "line": 15,
              "column": 3
            },
            "end": {
              "line": 15,
              "column": 72
            }
          }
        ],
        "line": 15
      },
      "3": {
        "loc": {
          "start": {
            "line": 16,
            "column": 3
          },
          "end": {
            "line": 16,
            "column": 72
          }
        },
        "type": "if",
        "locations": [
          {
            "start": {
              "line": 16,
              "column": 3
            },
            "end": {
              "line": 16,
              "column": 72
            }
          },
          {
            "start": {
              "line": 16,
              "column": 3
            },
            "end": {
              "line": 16,
              "column": 72
            }
          }
        ],
        "line": 16
      },
      "4": {
        "loc": {
          "start": {
            "line": 17,
            "column": 3
          },
          "end": {
            "line": 17,
            "column": 72
          }
        },
        "type": "if",
        "locations": [
          {
            "start": {
              "line": 17,
              "column": 3
            },
            "end": {
              "line": 17,
              "column": 72
            }
          },
          {
            "start": {
              "line": 17,
              "column": 3
            },
            "end": {
              "line": 17,
              "column": 72
            }
          }
        ],
        "line": 17
      },
      "5": {
        "loc": {
          "start": {
            "line": 22,
            "column": 3
          },
          "end": {
            "line": 22,
            "column": 73
          }
        },
        "type": "if",
        "locations": [
          {
            "start": {
              "line": 22,
              "column": 3
            },
            "end": {
              "line": 22,
              "column": 73
            }
          },
          {
            "start": {
              "line": 22,
              "column": 3
            },
            "end": {
              "line": 22,
              "column": 73
            }
          }
        ],
        "line": 22
      }
    },
    "s": {
      "0": 26,
      "1": 28,
      "2": 26,
      "3": 68,
      "4": 10,
      "5": 68,
      "6": 10,
      "7": 58,
      "8": 26,
      "9": 10,
      "10": 10,
      "11": 0,
      "12": 0,
      "13": 0,
      "14": 0,
      "15": 0,
      "16": 0,
      "17": 26,
      "18": 56,
      "19": 56,
      "20": 48,
      "21": 8
    },
    "f": {
      "0": 28,
      "1": 68,
      "2": 10,
      "3": 10,
      "4": 56
    },
    "b": {
      "0": [
        10,
        58
      ],
      "1": [
        10,
        0
      ],
      "2": [
        0,
        0
      ],
      "3": [
        0,
        0
      ],
      "4": [
        0,
        0
      ],
      "5": [
        48,
        8
      ]
    },
    "_coverageSchema": "1a1c01bbd47fc00a2c39e90264f33305004495a9",
    "hash": "02fd8844194d59880a85f672ae962e1871402955"
  },
  "C:\\Users\\CAMILO\\Desktop\\bootcamp-project\\src\\context\\ItemsContext\\ItemsState.js": {
    "path": "C:\\Users\\CAMILO\\Desktop\\bootcamp-project\\src\\context\\ItemsContext\\ItemsState.js",
    "statementMap": {
      "0": {
        "start": {
          "line": 8,
          "column": 21
        },
        "end": {
          "line": 14,
          "column": 1
        }
      },
      "1": {
        "start": {
          "line": 20,
          "column": 29
        },
        "end": {
          "line": 20,
          "column": 68
        }
      },
      "2": {
        "start": {
          "line": 26,
          "column": 20
        },
        "end": {
          "line": 38,
          "column": 4
        }
      },
      "3": {
        "start": {
          "line": 27,
          "column": 6
        },
        "end": {
          "line": 27,
          "column": 58
        }
      },
      "4": {
        "start": {
          "line": 27,
          "column": 51
        },
        "end": {
          "line": 27,
          "column": 58
        }
      },
      "5": {
        "start": {
          "line": 28,
          "column": 6
        },
        "end": {
          "line": 37,
          "column": 7
        }
      },
      "6": {
        "start": {
          "line": 29,
          "column": 21
        },
        "end": {
          "line": 29,
          "column": 53
        }
      },
      "7": {
        "start": {
          "line": 30,
          "column": 9
        },
        "end": {
          "line": 33,
          "column": 10
        }
      },
      "8": {
        "start": {
          "line": 31,
          "column": 29
        },
        "end": {
          "line": 31,
          "column": 45
        }
      },
      "9": {
        "start": {
          "line": 32,
          "column": 12
        },
        "end": {
          "line": 32,
          "column": 92
        }
      },
      "10": {
        "start": {
          "line": 34,
          "column": 9
        },
        "end": {
          "line": 34,
          "column": 26
        }
      },
      "11": {
        "start": {
          "line": 40,
          "column": 25
        },
        "end": {
          "line": 57,
          "column": 4
        }
      },
      "12": {
        "start": {
          "line": 41,
          "column": 6
        },
        "end": {
          "line": 41,
          "column": 97
        }
      },
      "13": {
        "start": {
          "line": 41,
          "column": 25
        },
        "end": {
          "line": 41,
          "column": 97
        }
      },
      "14": {
        "start": {
          "line": 42,
          "column": 6
        },
        "end": {
          "line": 56,
          "column": 7
        }
      },
      "15": {
        "start": {
          "line": 43,
          "column": 21
        },
        "end": {
          "line": 43,
          "column": 71
        }
      },
      "16": {
        "start": {
          "line": 44,
          "column": 9
        },
        "end": {
          "line": 50,
          "column": 10
        }
      },
      "17": {
        "start": {
          "line": 45,
          "column": 29
        },
        "end": {
          "line": 45,
          "column": 45
        }
      },
      "18": {
        "start": {
          "line": 46,
          "column": 12
        },
        "end": {
          "line": 46,
          "column": 87
        }
      },
      "19": {
        "start": {
          "line": 47,
          "column": 12
        },
        "end": {
          "line": 49,
          "column": 13
        }
      },
      "20": {
        "start": {
          "line": 52,
          "column": 9
        },
        "end": {
          "line": 55,
          "column": 10
        }
      },
      "21": {
        "start": {
          "line": 59,
          "column": 3
        },
        "end": {
          "line": 67,
          "column": 4
        }
      }
    },
    "fnMap": {
      "0": {
        "name": "ItemsState",
        "decl": {
          "start": {
            "line": 19,
            "column": 24
          },
          "end": {
            "line": 19,
            "column": 34
          }
        },
        "loc": {
          "start": {
            "line": 19,
            "column": 49
          },
          "end": {
            "line": 68,
            "column": 1
          }
        },
        "line": 19
      },
      "1": {
        "name": "(anonymous_1)",
        "decl": {
          "start": {
            "line": 26,
            "column": 20
          },
          "end": {
            "line": 26,
            "column": 21
          }
        },
        "loc": {
          "start": {
            "line": 26,
            "column": 51
          },
          "end": {
            "line": 38,
            "column": 4
          }
        },
        "line": 26
      },
      "2": {
        "name": "(anonymous_2)",
        "decl": {
          "start": {
            "line": 40,
            "column": 25
          },
          "end": {
            "line": 40,
            "column": 26
          }
        },
        "loc": {
          "start": {
            "line": 40,
            "column": 41
          },
          "end": {
            "line": 57,
            "column": 4
          }
        },
        "line": 40
      }
    },
    "branchMap": {
      "0": {
        "loc": {
          "start": {
            "line": 27,
            "column": 6
          },
          "end": {
            "line": 27,
            "column": 58
          }
        },
        "type": "if",
        "locations": [
          {
            "start": {
              "line": 27,
              "column": 6
            },
            "end": {
              "line": 27,
              "column": 58
            }
          },
          {
            "start": {
              "line": 27,
              "column": 6
            },
            "end": {
              "line": 27,
              "column": 58
            }
          }
        ],
        "line": 27
      },
      "1": {
        "loc": {
          "start": {
            "line": 30,
            "column": 9
          },
          "end": {
            "line": 33,
            "column": 10
          }
        },
        "type": "if",
        "locations": [
          {
            "start": {
              "line": 30,
              "column": 9
            },
            "end": {
              "line": 33,
              "column": 10
            }
          },
          {
            "start": {
              "line": 30,
              "column": 9
            },
            "end": {
              "line": 33,
              "column": 10
            }
          }
        ],
        "line": 30
      },
      "2": {
        "loc": {
          "start": {
            "line": 41,
            "column": 6
          },
          "end": {
            "line": 41,
            "column": 97
          }
        },
        "type": "if",
        "locations": [
          {
            "start": {
              "line": 41,
              "column": 6
            },
            "end": {
              "line": 41,
              "column": 97
            }
          },
          {
            "start": {
              "line": 41,
              "column": 6
            },
            "end": {
              "line": 41,
              "column": 97
            }
          }
        ],
        "line": 41
      },
      "3": {
        "loc": {
          "start": {
            "line": 44,
            "column": 9
          },
          "end": {
            "line": 50,
            "column": 10
          }
        },
        "type": "if",
        "locations": [
          {
            "start": {
              "line": 44,
              "column": 9
            },
            "end": {
              "line": 50,
              "column": 10
            }
          },
          {
            "start": {
              "line": 44,
              "column": 9
            },
            "end": {
              "line": 50,
              "column": 10
            }
          }
        ],
        "line": 44
      }
    },
    "s": {
      "0": 26,
      "1": 78,
      "2": 78,
      "3": 29,
      "4": 0,
      "5": 29,
      "6": 29,
      "7": 10,
      "8": 10,
      "9": 10,
      "10": 10,
      "11": 78,
      "12": 3,
      "13": 2,
      "14": 1,
      "15": 1,
      "16": 1,
      "17": 1,
      "18": 1,
      "19": 1,
      "20": 0,
      "21": 78
    },
    "f": {
      "0": 78,
      "1": 29,
      "2": 3
    },
    "b": {
      "0": [
        0,
        29
      ],
      "1": [
        10,
        0
      ],
      "2": [
        2,
        1
      ],
      "3": [
        1,
        0
      ]
    },
    "_coverageSchema": "1a1c01bbd47fc00a2c39e90264f33305004495a9",
    "hash": "3ac228ec939de6e7aa4e94c41b9270353befe1af"
  },
  "C:\\Users\\CAMILO\\Desktop\\bootcamp-project\\src\\components\\home\\LinkComponent.js": {
    "path": "C:\\Users\\CAMILO\\Desktop\\bootcamp-project\\src\\components\\home\\LinkComponent.js",
    "statementMap": {
      "0": {
        "start": {
          "line": 4,
          "column": 22
        },
        "end": {
          "line": 13,
          "column": 1
        }
      },
      "1": {
        "start": {
          "line": 5,
          "column": 18
        },
        "end": {
          "line": 5,
          "column": 31
        }
      },
      "2": {
        "start": {
          "line": 6,
          "column": 1
        },
        "end": {
          "line": 12,
          "column": 3
        }
      }
    },
    "fnMap": {
      "0": {
        "name": "(anonymous_0)",
        "decl": {
          "start": {
            "line": 4,
            "column": 22
          },
          "end": {
            "line": 4,
            "column": 23
          }
        },
        "loc": {
          "start": {
            "line": 4,
            "column": 43
          },
          "end": {
            "line": 13,
            "column": 1
          }
        },
        "line": 4
      }
    },
    "branchMap": {
      "0": {
        "loc": {
          "start": {
            "line": 8,
            "column": 31
          },
          "end": {
            "line": 8,
            "column": 117
          }
        },
        "type": "cond-expr",
        "locations": [
          {
            "start": {
              "line": 8,
              "column": 96
            },
            "end": {
              "line": 8,
              "column": 112
            }
          },
          {
            "start": {
              "line": 8,
              "column": 115
            },
            "end": {
              "line": 8,
              "column": 117
            }
          }
        ],
        "line": 8
      },
      "1": {
        "loc": {
          "start": {
            "line": 8,
            "column": 31
          },
          "end": {
            "line": 8,
            "column": 93
          }
        },
        "type": "binary-expr",
        "locations": [
          {
            "start": {
              "line": 8,
              "column": 31
            },
            "end": {
              "line": 8,
              "column": 64
            }
          },
          {
            "start": {
              "line": 8,
              "column": 68
            },
            "end": {
              "line": 8,
              "column": 93
            }
          }
        ],
        "line": 8
      }
    },
    "s": {
      "0": 26,
      "1": 350,
      "2": 350
    },
    "f": {
      "0": 350
    },
    "b": {
      "0": [
        46,
        304
      ],
      "1": [
        350,
        136
      ]
    },
    "_coverageSchema": "1a1c01bbd47fc00a2c39e90264f33305004495a9",
    "hash": "dcae4ffd3fca8b0c2e80f10b92df6eafef582743"
  },
  "C:\\Users\\CAMILO\\Desktop\\bootcamp-project\\src\\components\\layout\\index.js": {
    "path": "C:\\Users\\CAMILO\\Desktop\\bootcamp-project\\src\\components\\layout\\index.js",
    "statementMap": {
      "0": {
        "start": {
          "line": 5,
          "column": 15
        },
        "end": {
          "line": 49,
          "column": 1
        }
      },
      "1": {
        "start": {
          "line": 7,
          "column": 1
        },
        "end": {
          "line": 48,
          "column": 3
        }
      }
    },
    "fnMap": {
      "0": {
        "name": "(anonymous_0)",
        "decl": {
          "start": {
            "line": 5,
            "column": 15
          },
          "end": {
            "line": 5,
            "column": 16
          }
        },
        "loc": {
          "start": {
            "line": 5,
            "column": 33
          },
          "end": {
            "line": 49,
            "column": 1
          }
        },
        "line": 5
      }
    },
    "branchMap": {},
    "s": {
      "0": 26,
      "1": 70
    },
    "f": {
      "0": 70
    },
    "b": {},
    "_coverageSchema": "1a1c01bbd47fc00a2c39e90264f33305004495a9",
    "hash": "d9b53b9d5d7747f134eb209926c2dcbcb36a2937"
  },
  "C:\\Users\\CAMILO\\Desktop\\bootcamp-project\\src\\pages\\home\\index.js": {
    "path": "C:\\Users\\CAMILO\\Desktop\\bootcamp-project\\src\\pages\\home\\index.js",
    "statementMap": {
      "0": {
        "start": {
          "line": 4,
          "column": 13
        },
        "end": {
          "line": 49,
          "column": 1
        }
      },
      "1": {
        "start": {
          "line": 5,
          "column": 1
        },
        "end": {
          "line": 48,
          "column": 3
        }
      }
    },
    "fnMap": {
      "0": {
        "name": "(anonymous_0)",
        "decl": {
          "start": {
            "line": 4,
            "column": 13
          },
          "end": {
            "line": 4,
            "column": 14
          }
        },
        "loc": {
          "start": {
            "line": 4,
            "column": 19
          },
          "end": {
            "line": 49,
            "column": 1
          }
        },
        "line": 4
      }
    },
    "branchMap": {},
    "s": {
      "0": 26,
      "1": 18
    },
    "f": {
      "0": 18
    },
    "b": {},
    "_coverageSchema": "1a1c01bbd47fc00a2c39e90264f33305004495a9",
    "hash": "133010c180bbf55c7146009476df29438f95afa8"
  },
  "C:\\Users\\CAMILO\\Desktop\\bootcamp-project\\src\\routes\\index.js": {
    "path": "C:\\Users\\CAMILO\\Desktop\\bootcamp-project\\src\\routes\\index.js",
    "statementMap": {
      "0": {
        "start": {
          "line": 7,
          "column": 23
        },
        "end": {
          "line": 7,
          "column": 68
        }
      },
      "1": {
        "start": {
          "line": 7,
          "column": 34
        },
        "end": {
          "line": 7,
          "column": 67
        }
      },
      "2": {
        "start": {
          "line": 8,
          "column": 13
        },
        "end": {
          "line": 8,
          "column": 48
        }
      },
      "3": {
        "start": {
          "line": 8,
          "column": 24
        },
        "end": {
          "line": 8,
          "column": 47
        }
      },
      "4": {
        "start": {
          "line": 11,
          "column": 15
        },
        "end": {
          "line": 33,
          "column": 1
        }
      },
      "5": {
        "start": {
          "line": 12,
          "column": 1
        },
        "end": {
          "line": 32,
          "column": 3
        }
      }
    },
    "fnMap": {
      "0": {
        "name": "(anonymous_0)",
        "decl": {
          "start": {
            "line": 7,
            "column": 28
          },
          "end": {
            "line": 7,
            "column": 29
          }
        },
        "loc": {
          "start": {
            "line": 7,
            "column": 34
          },
          "end": {
            "line": 7,
            "column": 67
          }
        },
        "line": 7
      },
      "1": {
        "name": "(anonymous_1)",
        "decl": {
          "start": {
            "line": 8,
            "column": 18
          },
          "end": {
            "line": 8,
            "column": 19
          }
        },
        "loc": {
          "start": {
            "line": 8,
            "column": 24
          },
          "end": {
            "line": 8,
            "column": 47
          }
        },
        "line": 8
      },
      "2": {
        "name": "(anonymous_2)",
        "decl": {
          "start": {
            "line": 11,
            "column": 15
          },
          "end": {
            "line": 11,
            "column": 16
          }
        },
        "loc": {
          "start": {
            "line": 11,
            "column": 21
          },
          "end": {
            "line": 33,
            "column": 1
          }
        },
        "line": 11
      }
    },
    "branchMap": {},
    "s": {
      "0": 26,
      "1": 23,
      "2": 26,
      "3": 3,
      "4": 26,
      "5": 52
    },
    "f": {
      "0": 23,
      "1": 3,
      "2": 52
    },
    "b": {},
    "_coverageSchema": "1a1c01bbd47fc00a2c39e90264f33305004495a9",
    "hash": "bc484d4f43be16ea39f7ee30f3c17914f098db76"
  },
  "C:\\Users\\CAMILO\\Desktop\\bootcamp-project\\src\\index.js": {
    "path": "C:\\Users\\CAMILO\\Desktop\\bootcamp-project\\src\\index.js",
    "statementMap": {
      "0": {
        "start": {
          "line": 7,
          "column": 0
        },
        "end": {
          "line": 12,
          "column": 2
        }
      }
    },
    "fnMap": {},
    "branchMap": {},
    "s": {
      "0": 26
    },
    "f": {},
    "b": {},
    "_coverageSchema": "1a1c01bbd47fc00a2c39e90264f33305004495a9",
    "hash": "b5104a6b5d67f7f27e8180029033979aa80a6691"
  },
  "C:\\Users\\CAMILO\\Desktop\\bootcamp-project\\src\\components\\pagination\\index.js": {
    "path": "C:\\Users\\CAMILO\\Desktop\\bootcamp-project\\src\\components\\pagination\\index.js",
    "statementMap": {
      "0": {
        "start": {
          "line": 4,
          "column": 19
        },
        "end": {
          "line": 18,
          "column": 1
        }
      },
      "1": {
        "start": {
          "line": 5,
          "column": 1
        },
        "end": {
          "line": 17,
          "column": 3
        }
      }
    },
    "fnMap": {
      "0": {
        "name": "(anonymous_0)",
        "decl": {
          "start": {
            "line": 4,
            "column": 19
          },
          "end": {
            "line": 4,
            "column": 20
          }
        },
        "loc": {
          "start": {
            "line": 4,
            "column": 45
          },
          "end": {
            "line": 18,
            "column": 1
          }
        },
        "line": 4
      }
    },
    "branchMap": {},
    "s": {
      "0": 23,
      "1": 144
    },
    "f": {
      "0": 144
    },
    "b": {},
    "_coverageSchema": "1a1c01bbd47fc00a2c39e90264f33305004495a9",
    "hash": "0320506fb9f5ca738296251b624fb5c75bbdf7db"
  },
  "C:\\Users\\CAMILO\\Desktop\\bootcamp-project\\src\\components\\card\\Card.js": {
    "path": "C:\\Users\\CAMILO\\Desktop\\bootcamp-project\\src\\components\\card\\Card.js",
    "statementMap": {
      "0": {
        "start": {
          "line": 5,
          "column": 13
        },
        "end": {
          "line": 20,
          "column": 1
        }
      },
      "1": {
        "start": {
          "line": 6,
          "column": 1
        },
        "end": {
          "line": 19,
          "column": 3
        }
      }
    },
    "fnMap": {
      "0": {
        "name": "(anonymous_0)",
        "decl": {
          "start": {
            "line": 5,
            "column": 13
          },
          "end": {
            "line": 5,
            "column": 14
          }
        },
        "loc": {
          "start": {
            "line": 5,
            "column": 74
          },
          "end": {
            "line": 20,
            "column": 1
          }
        },
        "line": 5
      }
    },
    "branchMap": {
      "0": {
        "loc": {
          "start": {
            "line": 11,
            "column": 10
          },
          "end": {
            "line": 11,
            "column": 23
          }
        },
        "type": "binary-expr",
        "locations": [
          {
            "start": {
              "line": 11,
              "column": 10
            },
            "end": {
              "line": 11,
              "column": 14
            }
          },
          {
            "start": {
              "line": 11,
              "column": 18
            },
            "end": {
              "line": 11,
              "column": 23
            }
          }
        ],
        "line": 11
      },
      "1": {
        "loc": {
          "start": {
            "line": 16,
            "column": 9
          },
          "end": {
            "line": 16,
            "column": 22
          }
        },
        "type": "binary-expr",
        "locations": [
          {
            "start": {
              "line": 16,
              "column": 9
            },
            "end": {
              "line": 16,
              "column": 13
            }
          },
          {
            "start": {
              "line": 16,
              "column": 17
            },
            "end": {
              "line": 16,
              "column": 22
            }
          }
        ],
        "line": 16
      }
    },
    "s": {
      "0": 23,
      "1": 400
    },
    "f": {
      "0": 400
    },
    "b": {
      "0": [
        400,
        0
      ],
      "1": [
        400,
        0
      ]
    },
    "_coverageSchema": "1a1c01bbd47fc00a2c39e90264f33305004495a9",
    "hash": "76a26cc66e239f28ca6a6a52220cf029a5b705be"
  },
  "C:\\Users\\CAMILO\\Desktop\\bootcamp-project\\src\\components\\listCards\\index.js": {
    "path": "C:\\Users\\CAMILO\\Desktop\\bootcamp-project\\src\\components\\listCards\\index.js",
    "statementMap": {
      "0": {
        "start": {
          "line": 4,
          "column": 18
        },
        "end": {
          "line": 14,
          "column": 1
        }
      },
      "1": {
        "start": {
          "line": 5,
          "column": 3
        },
        "end": {
          "line": 13,
          "column": 4
        }
      },
      "2": {
        "start": {
          "line": 9,
          "column": 15
        },
        "end": {
          "line": 9,
          "column": 153
        }
      },
      "3": {
        "start": {
          "line": 9,
          "column": 95
        },
        "end": {
          "line": 9,
          "column": 148
        }
      }
    },
    "fnMap": {
      "0": {
        "name": "(anonymous_0)",
        "decl": {
          "start": {
            "line": 4,
            "column": 18
          },
          "end": {
            "line": 4,
            "column": 19
          }
        },
        "loc": {
          "start": {
            "line": 4,
            "column": 70
          },
          "end": {
            "line": 14,
            "column": 1
          }
        },
        "line": 4
      },
      "1": {
        "name": "(anonymous_1)",
        "decl": {
          "start": {
            "line": 8,
            "column": 34
          },
          "end": {
            "line": 8,
            "column": 35
          }
        },
        "loc": {
          "start": {
            "line": 8,
            "column": 51
          },
          "end": {
            "line": 10,
            "column": 13
          }
        },
        "line": 8
      },
      "2": {
        "name": "(anonymous_2)",
        "decl": {
          "start": {
            "line": 9,
            "column": 89
          },
          "end": {
            "line": 9,
            "column": 90
          }
        },
        "loc": {
          "start": {
            "line": 9,
            "column": 95
          },
          "end": {
            "line": 9,
            "column": 148
          }
        },
        "line": 9
      }
    },
    "branchMap": {},
    "s": {
      "0": 23,
      "1": 66,
      "2": 400,
      "3": 0
    },
    "f": {
      "0": 66,
      "1": 400,
      "2": 0
    },
    "b": {},
    "_coverageSchema": "1a1c01bbd47fc00a2c39e90264f33305004495a9",
    "hash": "a244037eed717499ac754fceada987f0f82050aa"
  },
  "C:\\Users\\CAMILO\\Desktop\\bootcamp-project\\src\\components\\Loading.js": {
    "path": "C:\\Users\\CAMILO\\Desktop\\bootcamp-project\\src\\components\\Loading.js",
    "statementMap": {
      "0": {
        "start": {
          "line": 3,
          "column": 16
        },
        "end": {
          "line": 9,
          "column": 1
        }
      },
      "1": {
        "start": {
          "line": 4,
          "column": 1
        },
        "end": {
          "line": 8,
          "column": 3
        }
      }
    },
    "fnMap": {
      "0": {
        "name": "(anonymous_0)",
        "decl": {
          "start": {
            "line": 3,
            "column": 16
          },
          "end": {
            "line": 3,
            "column": 17
          }
        },
        "loc": {
          "start": {
            "line": 3,
            "column": 22
          },
          "end": {
            "line": 9,
            "column": 1
          }
        },
        "line": 3
      }
    },
    "branchMap": {},
    "s": {
      "0": 24,
      "1": 78
    },
    "f": {
      "0": 78
    },
    "b": {},
    "_coverageSchema": "1a1c01bbd47fc00a2c39e90264f33305004495a9",
    "hash": "ad7d06f259bb1ec2df0eab8fbe12b712be3bb341"
  },
  "C:\\Users\\CAMILO\\Desktop\\bootcamp-project\\src\\hooks\\useInputMediator.js": {
    "path": "C:\\Users\\CAMILO\\Desktop\\bootcamp-project\\src\\hooks\\useInputMediator.js",
    "statementMap": {
      "0": {
        "start": {
          "line": 4,
          "column": 49
        },
        "end": {
          "line": 4,
          "column": 61
        }
      },
      "1": {
        "start": {
          "line": 5,
          "column": 3
        },
        "end": {
          "line": 13,
          "column": 19
        }
      },
      "2": {
        "start": {
          "line": 6,
          "column": 20
        },
        "end": {
          "line": 8,
          "column": 13
        }
      },
      "3": {
        "start": {
          "line": 7,
          "column": 9
        },
        "end": {
          "line": 7,
          "column": 39
        }
      },
      "4": {
        "start": {
          "line": 10,
          "column": 6
        },
        "end": {
          "line": 12,
          "column": 7
        }
      },
      "5": {
        "start": {
          "line": 11,
          "column": 9
        },
        "end": {
          "line": 11,
          "column": 28
        }
      },
      "6": {
        "start": {
          "line": 14,
          "column": 3
        },
        "end": {
          "line": 14,
          "column": 25
        }
      }
    },
    "fnMap": {
      "0": {
        "name": "useInputMediator",
        "decl": {
          "start": {
            "line": 3,
            "column": 24
          },
          "end": {
            "line": 3,
            "column": 40
          }
        },
        "loc": {
          "start": {
            "line": 3,
            "column": 53
          },
          "end": {
            "line": 15,
            "column": 1
          }
        },
        "line": 3
      },
      "1": {
        "name": "(anonymous_1)",
        "decl": {
          "start": {
            "line": 5,
            "column": 13
          },
          "end": {
            "line": 5,
            "column": 14
          }
        },
        "loc": {
          "start": {
            "line": 5,
            "column": 19
          },
          "end": {
            "line": 13,
            "column": 4
          }
        },
        "line": 5
      },
      "2": {
        "name": "(anonymous_2)",
        "decl": {
          "start": {
            "line": 6,
            "column": 31
          },
          "end": {
            "line": 6,
            "column": 32
          }
        },
        "loc": {
          "start": {
            "line": 6,
            "column": 37
          },
          "end": {
            "line": 8,
            "column": 7
          }
        },
        "line": 6
      },
      "3": {
        "name": "(anonymous_3)",
        "decl": {
          "start": {
            "line": 10,
            "column": 13
          },
          "end": {
            "line": 10,
            "column": 14
          }
        },
        "loc": {
          "start": {
            "line": 10,
            "column": 19
          },
          "end": {
            "line": 12,
            "column": 7
          }
        },
        "line": 10
      }
    },
    "branchMap": {},
    "s": {
      "0": 280,
      "1": 280,
      "2": 70,
      "3": 10,
      "4": 70,
      "5": 54,
      "6": 280
    },
    "f": {
      "0": 280,
      "1": 70,
      "2": 10,
      "3": 54
    },
    "b": {},
    "_coverageSchema": "1a1c01bbd47fc00a2c39e90264f33305004495a9",
    "hash": "3349d563fa5f6dbf6e6c49415be2954c07d8cd67"
  },
  "C:\\Users\\CAMILO\\Desktop\\bootcamp-project\\src\\components\\smallCard\\index.js": {
    "path": "C:\\Users\\CAMILO\\Desktop\\bootcamp-project\\src\\components\\smallCard\\index.js",
    "statementMap": {
      "0": {
        "start": {
          "line": 5,
          "column": 18
        },
        "end": {
          "line": 15,
          "column": 1
        }
      },
      "1": {
        "start": {
          "line": 7,
          "column": 3
        },
        "end": {
          "line": 14,
          "column": 4
        }
      }
    },
    "fnMap": {
      "0": {
        "name": "(anonymous_0)",
        "decl": {
          "start": {
            "line": 5,
            "column": 18
          },
          "end": {
            "line": 5,
            "column": 19
          }
        },
        "loc": {
          "start": {
            "line": 5,
            "column": 56
          },
          "end": {
            "line": 15,
            "column": 1
          }
        },
        "line": 5
      }
    },
    "branchMap": {},
    "s": {
      "0": 23,
      "1": 56
    },
    "f": {
      "0": 56
    },
    "b": {},
    "_coverageSchema": "1a1c01bbd47fc00a2c39e90264f33305004495a9",
    "hash": "b4c22bdb6f98691e2659b06b3274c0e9ecfd0254"
  },
  "C:\\Users\\CAMILO\\Desktop\\bootcamp-project\\src\\components\\listSmallCards.js\\index.js": {
    "path": "C:\\Users\\CAMILO\\Desktop\\bootcamp-project\\src\\components\\listSmallCards.js\\index.js",
    "statementMap": {
      "0": {
        "start": {
          "line": 3,
          "column": 23
        },
        "end": {
          "line": 16,
          "column": 1
        }
      },
      "1": {
        "start": {
          "line": 4,
          "column": 3
        },
        "end": {
          "line": 15,
          "column": 4
        }
      },
      "2": {
        "start": {
          "line": 7,
          "column": 12
        },
        "end": {
          "line": 12,
          "column": 93
        }
      },
      "3": {
        "start": {
          "line": 12,
          "column": 34
        },
        "end": {
          "line": 12,
          "column": 89
        }
      }
    },
    "fnMap": {
      "0": {
        "name": "(anonymous_0)",
        "decl": {
          "start": {
            "line": 3,
            "column": 23
          },
          "end": {
            "line": 3,
            "column": 24
          }
        },
        "loc": {
          "start": {
            "line": 3,
            "column": 74
          },
          "end": {
            "line": 16,
            "column": 1
          }
        },
        "line": 3
      },
      "1": {
        "name": "(anonymous_1)",
        "decl": {
          "start": {
            "line": 6,
            "column": 30
          },
          "end": {
            "line": 6,
            "column": 31
          }
        },
        "loc": {
          "start": {
            "line": 6,
            "column": 44
          },
          "end": {
            "line": 13,
            "column": 10
          }
        },
        "line": 6
      },
      "2": {
        "name": "(anonymous_2)",
        "decl": {
          "start": {
            "line": 12,
            "column": 28
          },
          "end": {
            "line": 12,
            "column": 29
          }
        },
        "loc": {
          "start": {
            "line": 12,
            "column": 34
          },
          "end": {
            "line": 12,
            "column": 89
          }
        },
        "line": 12
      }
    },
    "branchMap": {
      "0": {
        "loc": {
          "start": {
            "line": 5,
            "column": 47
          },
          "end": {
            "line": 5,
            "column": 144
          }
        },
        "type": "cond-expr",
        "locations": [
          {
            "start": {
              "line": 5,
              "column": 78
            },
            "end": {
              "line": 5,
              "column": 124
            }
          },
          {
            "start": {
              "line": 5,
              "column": 127
            },
            "end": {
              "line": 5,
              "column": 144
            }
          }
        ],
        "line": 5
      }
    },
    "s": {
      "0": 23,
      "1": 168,
      "2": 56,
      "3": 2
    },
    "f": {
      "0": 168,
      "1": 56,
      "2": 2
    },
    "b": {
      "0": [
        8,
        160
      ]
    },
    "_coverageSchema": "1a1c01bbd47fc00a2c39e90264f33305004495a9",
    "hash": "30cdf13504a8257d0b27011b180791bb17300bdc"
  },
  "C:\\Users\\CAMILO\\Desktop\\bootcamp-project\\src\\components\\searcher\\Searcher.js": {
    "path": "C:\\Users\\CAMILO\\Desktop\\bootcamp-project\\src\\components\\searcher\\Searcher.js",
    "statementMap": {
      "0": {
        "start": {
          "line": 8,
          "column": 17
        },
        "end": {
          "line": 56,
          "column": 1
        }
      },
      "1": {
        "start": {
          "line": 9,
          "column": 37
        },
        "end": {
          "line": 9,
          "column": 52
        }
      },
      "2": {
        "start": {
          "line": 10,
          "column": 39
        },
        "end": {
          "line": 10,
          "column": 51
        }
      },
      "3": {
        "start": {
          "line": 11,
          "column": 28
        },
        "end": {
          "line": 11,
          "column": 56
        }
      },
      "4": {
        "start": {
          "line": 12,
          "column": 47
        },
        "end": {
          "line": 12,
          "column": 62
        }
      },
      "5": {
        "start": {
          "line": 13,
          "column": 49
        },
        "end": {
          "line": 13,
          "column": 61
        }
      },
      "6": {
        "start": {
          "line": 15,
          "column": 25
        },
        "end": {
          "line": 17,
          "column": 4
        }
      },
      "7": {
        "start": {
          "line": 16,
          "column": 6
        },
        "end": {
          "line": 16,
          "column": 53
        }
      },
      "8": {
        "start": {
          "line": 16,
          "column": 29
        },
        "end": {
          "line": 16,
          "column": 53
        }
      },
      "9": {
        "start": {
          "line": 19,
          "column": 26
        },
        "end": {
          "line": 21,
          "column": 4
        }
      },
      "10": {
        "start": {
          "line": 20,
          "column": 6
        },
        "end": {
          "line": 20,
          "column": 42
        }
      },
      "11": {
        "start": {
          "line": 24,
          "column": 3
        },
        "end": {
          "line": 42,
          "column": 25
        }
      },
      "12": {
        "start": {
          "line": 25,
          "column": 41
        },
        "end": {
          "line": 38,
          "column": 7
        }
      },
      "13": {
        "start": {
          "line": 26,
          "column": 9
        },
        "end": {
          "line": 37,
          "column": 10
        }
      },
      "14": {
        "start": {
          "line": 27,
          "column": 24
        },
        "end": {
          "line": 27,
          "column": 75
        }
      },
      "15": {
        "start": {
          "line": 28,
          "column": 12
        },
        "end": {
          "line": 32,
          "column": 13
        }
      },
      "16": {
        "start": {
          "line": 29,
          "column": 15
        },
        "end": {
          "line": 29,
          "column": 39
        }
      },
      "17": {
        "start": {
          "line": 30,
          "column": 15
        },
        "end": {
          "line": 30,
          "column": 38
        }
      },
      "18": {
        "start": {
          "line": 31,
          "column": 15
        },
        "end": {
          "line": 31,
          "column": 22
        }
      },
      "19": {
        "start": {
          "line": 33,
          "column": 12
        },
        "end": {
          "line": 33,
          "column": 29
        }
      },
      "20": {
        "start": {
          "line": 35,
          "column": 12
        },
        "end": {
          "line": 35,
          "column": 35
        }
      },
      "21": {
        "start": {
          "line": 36,
          "column": 12
        },
        "end": {
          "line": 36,
          "column": 34
        }
      },
      "22": {
        "start": {
          "line": 39,
          "column": 6
        },
        "end": {
          "line": 39,
          "column": 75
        }
      },
      "23": {
        "start": {
          "line": 39,
          "column": 39
        },
        "end": {
          "line": 39,
          "column": 75
        }
      },
      "24": {
        "start": {
          "line": 40,
          "column": 6
        },
        "end": {
          "line": 40,
          "column": 28
        }
      },
      "25": {
        "start": {
          "line": 41,
          "column": 6
        },
        "end": {
          "line": 41,
          "column": 30
        }
      },
      "26": {
        "start": {
          "line": 44,
          "column": 3
        },
        "end": {
          "line": 55,
          "column": 4
        }
      }
    },
    "fnMap": {
      "0": {
        "name": "(anonymous_0)",
        "decl": {
          "start": {
            "line": 8,
            "column": 17
          },
          "end": {
            "line": 8,
            "column": 18
          }
        },
        "loc": {
          "start": {
            "line": 8,
            "column": 51
          },
          "end": {
            "line": 56,
            "column": 1
          }
        },
        "line": 8
      },
      "1": {
        "name": "(anonymous_1)",
        "decl": {
          "start": {
            "line": 15,
            "column": 25
          },
          "end": {
            "line": 15,
            "column": 26
          }
        },
        "loc": {
          "start": {
            "line": 15,
            "column": 31
          },
          "end": {
            "line": 17,
            "column": 4
          }
        },
        "line": 15
      },
      "2": {
        "name": "(anonymous_2)",
        "decl": {
          "start": {
            "line": 19,
            "column": 26
          },
          "end": {
            "line": 19,
            "column": 27
          }
        },
        "loc": {
          "start": {
            "line": 19,
            "column": 33
          },
          "end": {
            "line": 21,
            "column": 4
          }
        },
        "line": 19
      },
      "3": {
        "name": "(anonymous_3)",
        "decl": {
          "start": {
            "line": 24,
            "column": 13
          },
          "end": {
            "line": 24,
            "column": 14
          }
        },
        "loc": {
          "start": {
            "line": 24,
            "column": 19
          },
          "end": {
            "line": 42,
            "column": 4
          }
        },
        "line": 24
      },
      "4": {
        "name": "(anonymous_4)",
        "decl": {
          "start": {
            "line": 25,
            "column": 41
          },
          "end": {
            "line": 25,
            "column": 42
          }
        },
        "loc": {
          "start": {
            "line": 25,
            "column": 53
          },
          "end": {
            "line": 38,
            "column": 7
          }
        },
        "line": 25
      }
    },
    "branchMap": {
      "0": {
        "loc": {
          "start": {
            "line": 16,
            "column": 6
          },
          "end": {
            "line": 16,
            "column": 53
          }
        },
        "type": "if",
        "locations": [
          {
            "start": {
              "line": 16,
              "column": 6
            },
            "end": {
              "line": 16,
              "column": 53
            }
          },
          {
            "start": {
              "line": 16,
              "column": 6
            },
            "end": {
              "line": 16,
              "column": 53
            }
          }
        ],
        "line": 16
      },
      "1": {
        "loc": {
          "start": {
            "line": 28,
            "column": 12
          },
          "end": {
            "line": 32,
            "column": 13
          }
        },
        "type": "if",
        "locations": [
          {
            "start": {
              "line": 28,
              "column": 12
            },
            "end": {
              "line": 32,
              "column": 13
            }
          },
          {
            "start": {
              "line": 28,
              "column": 12
            },
            "end": {
              "line": 32,
              "column": 13
            }
          }
        ],
        "line": 28
      },
      "2": {
        "loc": {
          "start": {
            "line": 39,
            "column": 6
          },
          "end": {
            "line": 39,
            "column": 75
          }
        },
        "type": "if",
        "locations": [
          {
            "start": {
              "line": 39,
              "column": 6
            },
            "end": {
              "line": 39,
              "column": 75
            }
          },
          {
            "start": {
              "line": 39,
              "column": 6
            },
            "end": {
              "line": 39,
              "column": 75
            }
          }
        ],
        "line": 39
      },
      "3": {
        "loc": {
          "start": {
            "line": 47,
            "column": 50
          },
          "end": {
            "line": 47,
            "column": 70
          }
        },
        "type": "binary-expr",
        "locations": [
          {
            "start": {
              "line": 47,
              "column": 50
            },
            "end": {
              "line": 47,
              "column": 60
            }
          },
          {
            "start": {
              "line": 47,
              "column": 64
            },
            "end": {
              "line": 47,
              "column": 70
            }
          }
        ],
        "line": 47
      },
      "4": {
        "loc": {
          "start": {
            "line": 50,
            "column": 16
          },
          "end": {
            "line": 50,
            "column": 133
          }
        },
        "type": "binary-expr",
        "locations": [
          {
            "start": {
              "line": 50,
              "column": 16
            },
            "end": {
              "line": 50,
              "column": 25
            }
          },
          {
            "start": {
              "line": 50,
              "column": 29
            },
            "end": {
              "line": 50,
              "column": 133
            }
          }
        ],
        "line": 50
      },
      "5": {
        "loc": {
          "start": {
            "line": 53,
            "column": 62
          },
          "end": {
            "line": 53,
            "column": 85
          }
        },
        "type": "binary-expr",
        "locations": [
          {
            "start": {
              "line": 53,
              "column": 62
            },
            "end": {
              "line": 53,
              "column": 76
            }
          },
          {
            "start": {
              "line": 53,
              "column": 80
            },
            "end": {
              "line": 53,
              "column": 85
            }
          }
        ],
        "line": 53
      }
    },
    "s": {
      "0": 23,
      "1": 280,
      "2": 280,
      "3": 280,
      "4": 280,
      "5": 280,
      "6": 280,
      "7": 6,
      "8": 6,
      "9": 280,
      "10": 52,
      "11": 280,
      "12": 24,
      "13": 6,
      "14": 6,
      "15": 6,
      "16": 4,
      "17": 4,
      "18": 4,
      "19": 2,
      "20": 2,
      "21": 2,
      "22": 24,
      "23": 6,
      "24": 18,
      "25": 18,
      "26": 280
    },
    "f": {
      "0": 280,
      "1": 6,
      "2": 52,
      "3": 24,
      "4": 6
    },
    "b": {
      "0": [
        6,
        0
      ],
      "1": [
        4,
        2
      ],
      "2": [
        6,
        18
      ],
      "3": [
        280,
        108
      ],
      "4": [
        280,
        172
      ],
      "5": [
        280,
        8
      ]
    },
    "_coverageSchema": "1a1c01bbd47fc00a2c39e90264f33305004495a9",
    "hash": "b99bed00e227bf0cb669a231149cc367f59e1a5d"
  },
  "C:\\Users\\CAMILO\\Desktop\\bootcamp-project\\src\\pages\\cardsContainer\\index.js": {
    "path": "C:\\Users\\CAMILO\\Desktop\\bootcamp-project\\src\\pages\\cardsContainer\\index.js",
    "statementMap": {
      "0": {
        "start": {
          "line": 11,
          "column": 23
        },
        "end": {
          "line": 64,
          "column": 1
        }
      },
      "1": {
        "start": {
          "line": 12,
          "column": 22
        },
        "end": {
          "line": 12,
          "column": 46
        }
      },
      "2": {
        "start": {
          "line": 13,
          "column": 21
        },
        "end": {
          "line": 13,
          "column": 56
        }
      },
      "3": {
        "start": {
          "line": 14,
          "column": 49
        },
        "end": {
          "line": 14,
          "column": 61
        }
      },
      "4": {
        "start": {
          "line": 15,
          "column": 25
        },
        "end": {
          "line": 15,
          "column": 36
        }
      },
      "5": {
        "start": {
          "line": 16,
          "column": 31
        },
        "end": {
          "line": 16,
          "column": 46
        }
      },
      "6": {
        "start": {
          "line": 17,
          "column": 20
        },
        "end": {
          "line": 17,
          "column": 28
        }
      },
      "7": {
        "start": {
          "line": 19,
          "column": 20
        },
        "end": {
          "line": 24,
          "column": 2
        }
      },
      "8": {
        "start": {
          "line": 20,
          "column": 13
        },
        "end": {
          "line": 20,
          "column": 33
        }
      },
      "9": {
        "start": {
          "line": 21,
          "column": 2
        },
        "end": {
          "line": 21,
          "column": 75
        }
      },
      "10": {
        "start": {
          "line": 22,
          "column": 2
        },
        "end": {
          "line": 22,
          "column": 65
        }
      },
      "11": {
        "start": {
          "line": 22,
          "column": 40
        },
        "end": {
          "line": 22,
          "column": 65
        }
      },
      "12": {
        "start": {
          "line": 23,
          "column": 2
        },
        "end": {
          "line": 23,
          "column": 53
        }
      },
      "13": {
        "start": {
          "line": 23,
          "column": 28
        },
        "end": {
          "line": 23,
          "column": 53
        }
      },
      "14": {
        "start": {
          "line": 26,
          "column": 1
        },
        "end": {
          "line": 32,
          "column": 11
        }
      },
      "15": {
        "start": {
          "line": 27,
          "column": 32
        },
        "end": {
          "line": 29,
          "column": 3
        }
      },
      "16": {
        "start": {
          "line": 28,
          "column": 3
        },
        "end": {
          "line": 28,
          "column": 60
        }
      },
      "17": {
        "start": {
          "line": 30,
          "column": 2
        },
        "end": {
          "line": 30,
          "column": 18
        }
      },
      "18": {
        "start": {
          "line": 31,
          "column": 2
        },
        "end": {
          "line": 31,
          "column": 25
        }
      },
      "19": {
        "start": {
          "line": 34,
          "column": 1
        },
        "end": {
          "line": 43,
          "column": 31
        }
      },
      "20": {
        "start": {
          "line": 35,
          "column": 35
        },
        "end": {
          "line": 41,
          "column": 3
        }
      },
      "21": {
        "start": {
          "line": 36,
          "column": 30
        },
        "end": {
          "line": 36,
          "column": 88
        }
      },
      "22": {
        "start": {
          "line": 37,
          "column": 3
        },
        "end": {
          "line": 40,
          "column": 4
        }
      },
      "23": {
        "start": {
          "line": 38,
          "column": 4
        },
        "end": {
          "line": 38,
          "column": 51
        }
      },
      "24": {
        "start": {
          "line": 39,
          "column": 4
        },
        "end": {
          "line": 39,
          "column": 21
        }
      },
      "25": {
        "start": {
          "line": 42,
          "column": 2
        },
        "end": {
          "line": 42,
          "column": 28
        }
      },
      "26": {
        "start": {
          "line": 45,
          "column": 21
        },
        "end": {
          "line": 47,
          "column": 2
        }
      },
      "27": {
        "start": {
          "line": 46,
          "column": 2
        },
        "end": {
          "line": 46,
          "column": 34
        }
      },
      "28": {
        "start": {
          "line": 50,
          "column": 1
        },
        "end": {
          "line": 63,
          "column": 3
        }
      }
    },
    "fnMap": {
      "0": {
        "name": "(anonymous_0)",
        "decl": {
          "start": {
            "line": 11,
            "column": 23
          },
          "end": {
            "line": 11,
            "column": 24
          }
        },
        "loc": {
          "start": {
            "line": 11,
            "column": 29
          },
          "end": {
            "line": 64,
            "column": 1
          }
        },
        "line": 11
      },
      "1": {
        "name": "(anonymous_1)",
        "decl": {
          "start": {
            "line": 19,
            "column": 20
          },
          "end": {
            "line": 19,
            "column": 21
          }
        },
        "loc": {
          "start": {
            "line": 19,
            "column": 27
          },
          "end": {
            "line": 24,
            "column": 2
          }
        },
        "line": 19
      },
      "2": {
        "name": "(anonymous_2)",
        "decl": {
          "start": {
            "line": 26,
            "column": 11
          },
          "end": {
            "line": 26,
            "column": 12
          }
        },
        "loc": {
          "start": {
            "line": 26,
            "column": 17
          },
          "end": {
            "line": 32,
            "column": 2
          }
        },
        "line": 26
      },
      "3": {
        "name": "(anonymous_3)",
        "decl": {
          "start": {
            "line": 27,
            "column": 32
          },
          "end": {
            "line": 27,
            "column": 33
          }
        },
        "loc": {
          "start": {
            "line": 27,
            "column": 38
          },
          "end": {
            "line": 29,
            "column": 3
          }
        },
        "line": 27
      },
      "4": {
        "name": "(anonymous_4)",
        "decl": {
          "start": {
            "line": 34,
            "column": 11
          },
          "end": {
            "line": 34,
            "column": 12
          }
        },
        "loc": {
          "start": {
            "line": 34,
            "column": 17
          },
          "end": {
            "line": 43,
            "column": 2
          }
        },
        "line": 34
      },
      "5": {
        "name": "(anonymous_5)",
        "decl": {
          "start": {
            "line": 35,
            "column": 35
          },
          "end": {
            "line": 35,
            "column": 36
          }
        },
        "loc": {
          "start": {
            "line": 35,
            "column": 46
          },
          "end": {
            "line": 41,
            "column": 3
          }
        },
        "line": 35
      },
      "6": {
        "name": "(anonymous_6)",
        "decl": {
          "start": {
            "line": 45,
            "column": 21
          },
          "end": {
            "line": 45,
            "column": 22
          }
        },
        "loc": {
          "start": {
            "line": 45,
            "column": 31
          },
          "end": {
            "line": 47,
            "column": 2
          }
        },
        "line": 45
      }
    },
    "branchMap": {
      "0": {
        "loc": {
          "start": {
            "line": 22,
            "column": 2
          },
          "end": {
            "line": 22,
            "column": 65
          }
        },
        "type": "if",
        "locations": [
          {
            "start": {
              "line": 22,
              "column": 2
            },
            "end": {
              "line": 22,
              "column": 65
            }
          },
          {
            "start": {
              "line": 22,
              "column": 2
            },
            "end": {
              "line": 22,
              "column": 65
            }
          }
        ],
        "line": 22
      },
      "1": {
        "loc": {
          "start": {
            "line": 22,
            "column": 6
          },
          "end": {
            "line": 22,
            "column": 38
          }
        },
        "type": "binary-expr",
        "locations": [
          {
            "start": {
              "line": 22,
              "column": 6
            },
            "end": {
              "line": 22,
              "column": 26
            }
          },
          {
            "start": {
              "line": 22,
              "column": 30
            },
            "end": {
              "line": 22,
              "column": 38
            }
          }
        ],
        "line": 22
      },
      "2": {
        "loc": {
          "start": {
            "line": 23,
            "column": 2
          },
          "end": {
            "line": 23,
            "column": 53
          }
        },
        "type": "if",
        "locations": [
          {
            "start": {
              "line": 23,
              "column": 2
            },
[...]
      "0": 3,
      "1": 18,
      "2": 272
    },
    "f": {
      "0": 18,
      "1": 272
    },
    "b": {
      "0": [
        0,
        18
      ],
      "1": [
        18,
        0
      ],
      "2": [
        0,
        0
      ],
      "3": [
        18,
        0
      ],
      "4": [
        272,
        0
      ]
    },
    "_coverageSchema": "1a1c01bbd47fc00a2c39e90264f33305004495a9",
    "hash": "db98b7ddba112626f09e598a37cd7c75c51ab5c2"
  },
  "C:\\Users\\CAMILO\\Desktop\\bootcamp-project\\src\\components\\detailsItem\\index.js": {
    "path": "C:\\Users\\CAMILO\\Desktop\\bootcamp-project\\src\\components\\detailsItem\\index.js",
    "statementMap": {
      "0": {
        "start": {
          "line": 4,
          "column": 20
        },
        "end": {
          "line": 31,
          "column": 1
        }
      },
      "1": {
        "start": {
          "line": 5,
          "column": 3
        },
        "end": {
          "line": 30,
          "column": 4
        }
      }
    },
    "fnMap": {
      "0": {
        "name": "(anonymous_0)",
        "decl": {
          "start": {
            "line": 4,
            "column": 20
          },
          "end": {
            "line": 4,
            "column": 21
          }
        },
        "loc": {
          "start": {
            "line": 4,
            "column": 38
          },
          "end": {
            "line": 31,
            "column": 1
          }
        },
        "line": 4
      }
    },
    "branchMap": {
      "0": {
        "loc": {
          "start": {
            "line": 19,
            "column": 46
          },
          "end": {
            "line": 19,
            "column": 78
          }
        },
        "type": "cond-expr",
        "locations": [
          {
            "start": {
              "line": 19,
              "column": 62
            },
            "end": {
              "line": 19,
              "column": 68
            }
          },
          {
            "start": {
              "line": 19,
              "column": 71
            },
            "end": {
              "line": 19,
              "column": 78
            }
          }
        ],
        "line": 19
      },
      "1": {
        "loc": {
          "start": {
            "line": 19,
            "column": 92
          },
          "end": {
            "line": 19,
            "column": 123
          }
        },
        "type": "binary-expr",
        "locations": [
          {
            "start": {
              "line": 19,
              "column": 92
            },
            "end": {
              "line": 19,
              "column": 105
            }
          },
          {
            "start": {
              "line": 19,
              "column": 109
            },
            "end": {
              "line": 19,
              "column": 123
            }
          }
        ],
        "line": 19
      },
      "2": {
        "loc": {
          "start": {
            "line": 25,
            "column": 69
          },
          "end": {
            "line": 25,
            "column": 141
          }
        },
        "type": "cond-expr",
        "locations": [
          {
            "start": {
              "line": 25,
              "column": 92
            },
            "end": {
              "line": 25,
              "column": 112
            }
          },
          {
            "start": {
              "line": 25,
              "column": 115
            },
            "end": {
              "line": 25,
              "column": 141
            }
          }
        ],
        "line": 25
      }
    },
    "s": {
      "0": 3,
      "1": 14
    },
    "f": {
      "0": 14
    },
    "b": {
      "0": [
        6,
        8
      ],
      "1": [
        14,
        8
      ],
      "2": [
        4,
        10
      ]
    },
    "_coverageSchema": "1a1c01bbd47fc00a2c39e90264f33305004495a9",
    "hash": "f909a8f5c77308e3653554b2fa894660e0d727a8"
  },
  "C:\\Users\\CAMILO\\Desktop\\bootcamp-project\\src\\pages\\item\\index.js": {
    "path": "C:\\Users\\CAMILO\\Desktop\\bootcamp-project\\src\\pages\\item\\index.js",
    "statementMap": {
      "0": {
        "start": {
          "line": 10,
          "column": 13
        },
        "end": {
          "line": 53,
          "column": 1
        }
      },
      "1": {
        "start": {
          "line": 11,
          "column": 18
        },
        "end": {
          "line": 11,
          "column": 31
        }
      },
      "2": {
        "start": {
          "line": 12,
          "column": 22
        },
        "end": {
          "line": 12,
          "column": 46
        }
      },
      "3": {
        "start": {
          "line": 13,
          "column": 33
        },
        "end": {
          "line": 13,
          "column": 45
        }
      },
      "4": {
        "start": {
          "line": 14,
          "column": 31
        },
        "end": {
          "line": 14,
          "column": 46
        }
      },
      "5": {
        "start": {
          "line": 15,
          "column": 30
        },
        "end": {
          "line": 15,
          "column": 58
        }
      },
      "6": {
        "start": {
          "line": 17,
          "column": 36
        },
        "end": {
          "line": 21,
          "column": 2
        }
      },
      "7": {
        "start": {
          "line": 18,
          "column": 2
        },
        "end": {
          "line": 18,
          "column": 124
        }
      },
      "8": {
        "start": {
          "line": 18,
          "column": 60
        },
        "end": {
          "line": 18,
          "column": 124
        }
      },
      "9": {
        "start": {
          "line": 19,
          "column": 2
        },
        "end": {
          "line": 19,
          "column": 102
        }
      },
      "10": {
        "start": {
          "line": 19,
          "column": 32
        },
        "end": {
          "line": 19,
          "column": 102
        }
      },
      "11": {
        "start": {
          "line": 20,
          "column": 2
        },
        "end": {
          "line": 20,
          "column": 14
        }
      },
      "12": {
        "start": {
          "line": 24,
          "column": 1
        },
        "end": {
          "line": 37,
          "column": 41
        }
      },
      "13": {
        "start": {
          "line": 25,
          "column": 32
        },
        "end": {
          "line": 34,
          "column": 3
        }
      },
      "14": {
        "start": {
          "line": 26,
          "column": 3
        },
        "end": {
          "line": 29,
          "column": 4
        }
      },
      "15": {
        "start": {
          "line": 27,
          "column": 4
        },
        "end": {
          "line": 27,
          "column": 67
        }
      },
      "16": {
        "start": {
          "line": 28,
          "column": 4
        },
        "end": {
          "line": 28,
          "column": 10
        }
      },
      "17": {
        "start": {
          "line": 30,
          "column": 3
        },
        "end": {
          "line": 33,
          "column": 4
        }
      },
      "18": {
        "start": {
          "line": 31,
          "column": 4
        },
        "end": {
          "line": 31,
          "column": 50
        }
      },
      "19": {
        "start": {
          "line": 32,
          "column": 4
        },
        "end": {
          "line": 32,
          "column": 21
        }
      },
      "20": {
        "start": {
          "line": 35,
          "column": 2
        },
        "end": {
          "line": 35,
          "column": 25
        }
      },
      "21": {
        "start": {
          "line": 40,
          "column": 1
        },
        "end": {
          "line": 52,
          "column": 17
        }
      }
    },
    "fnMap": {
      "0": {
        "name": "(anonymous_0)",
        "decl": {
          "start": {
            "line": 10,
            "column": 13
          },
          "end": {
            "line": 10,
            "column": 14
          }
        },
        "loc": {
          "start": {
            "line": 10,
            "column": 19
          },
          "end": {
            "line": 53,
            "column": 1
          }
        },
        "line": 10
      },
      "1": {
        "name": "(anonymous_1)",
        "decl": {
          "start": {
            "line": 17,
            "column": 36
          },
          "end": {
            "line": 17,
            "column": 37
          }
        },
        "loc": {
          "start": {
            "line": 17,
            "column": 42
          },
          "end": {
            "line": 21,
            "column": 2
          }
        },
        "line": 17
      },
      "2": {
        "name": "(anonymous_2)",
        "decl": {
          "start": {
            "line": 24,
            "column": 11
          },
          "end": {
            "line": 24,
            "column": 12
          }
        },
        "loc": {
          "start": {
            "line": 24,
            "column": 17
          },
          "end": {
            "line": 37,
            "column": 2
          }
        },
        "line": 24
      },
      "3": {
        "name": "(anonymous_3)",
        "decl": {
          "start": {
            "line": 25,
            "column": 32
          },
          "end": {
            "line": 25,
            "column": 33
          }
        },
        "loc": {
          "start": {
            "line": 25,
            "column": 38
          },
          "end": {
            "line": 34,
            "column": 3
          }
        },
        "line": 25
      }
    },
    "branchMap": {
      "0": {
        "loc": {
          "start": {
            "line": 18,
            "column": 2
          },
          "end": {
            "line": 18,
            "column": 124
          }
        },
        "type": "if",
        "locations": [
          {
            "start": {
              "line": 18,
              "column": 2
            },
            "end": {
              "line": 18,
              "column": 124
            }
          },
          {
            "start": {
              "line": 18,
              "column": 2
            },
            "end": {
              "line": 18,
              "column": 124
            }
          }
        ],
        "line": 18
      },
      "1": {
        "loc": {
          "start": {
            "line": 18,
            "column": 6
          },
          "end": {
            "line": 18,
            "column": 58
          }
        },
        "type": "binary-expr",
        "locations": [
          {
            "start": {
              "line": 18,
              "column": 6
            },
            "end": {
              "line": 18,
              "column": 30
            }
          },
          {
            "start": {
              "line": 18,
              "column": 34
            },
            "end": {
              "line": 18,
              "column": 58
            }
          }
        ],
        "line": 18
      },
      "2": {
        "loc": {
          "start": {
            "line": 19,
            "column": 2
          },
          "end": {
            "line": 19,
            "column": 102
          }
        },
        "type": "if",
        "locations": [
          {
            "start": {
              "line": 19,
              "column": 2
            },
            "end": {
              "line": 19,
              "column": 102
            }
          },
          {
            "start": {
              "line": 19,
              "column": 2
            },
            "end": {
              "line": 19,
              "column": 102
            }
          }
        ],
        "line": 19
      },
      "3": {
        "loc": {
          "start": {
            "line": 26,
            "column": 3
          },
          "end": {
            "line": 29,
            "column": 4
          }
        },
        "type": "if",
        "locations": [
          {
            "start": {
              "line": 26,
              "column": 3
            },
            "end": {
              "line": 29,
              "column": 4
            }
          },
          {
            "start": {
              "line": 26,
              "column": 3
            },
            "end": {
              "line": 29,
              "column": 4
            }
          }
        ],
        "line": 26
      },
      "4": {
        "loc": {
          "start": {
            "line": 30,
            "column": 3
          },
          "end": {
            "line": 33,
            "column": 4
          }
        },
        "type": "if",
        "locations": [
          {
            "start": {
              "line": 30,
              "column": 3
            },
            "end": {
              "line": 33,
              "column": 4
            }
          },
          {
            "start": {
              "line": 30,
              "column": 3
            },
            "end": {
              "line": 33,
              "column": 4
            }
          }
        ],
        "line": 30
      },
      "5": {
        "loc": {
          "start": {
            "line": 40,
            "column": 8
          },
          "end": {
            "line": 52,
            "column": 17
          }
        },
        "type": "cond-expr",
        "locations": [
          {
            "start": {
              "line": 41,
              "column": 2
            },
            "end": {
              "line": 51,
              "column": 12
            }
          },
          {
            "start": {
              "line": 52,
              "column": 5
            },
            "end": {
              "line": 52,
              "column": 17
            }
          }
        ],
        "line": 40
      },
      "6": {
        "loc": {
          "start": {
            "line": 46,
            "column": 5
          },
          "end": {
            "line": 46,
            "column": 122
          }
        },
        "type": "cond-expr",
        "locations": [
          {
            "start": {
              "line": 46,
              "column": 51
            },
            "end": {
              "line": 46,
              "column": 115
            }
          },
          {
            "start": {
              "line": 46,
              "column": 118
            },
            "end": {
              "line": 46,
              "column": 122
            }
          }
        ],
        "line": 46
      },
      "7": {
        "loc": {
          "start": {
            "line": 46,
            "column": 5
          },
          "end": {
            "line": 46,
            "column": 48
          }
        },
        "type": "binary-expr",
        "locations": [
          {
            "start": {
              "line": 46,
              "column": 5
            },
            "end": {
              "line": 46,
              "column": 29
            }
          },
          {
            "start": {
              "line": 46,
              "column": 33
            },
            "end": {
              "line": 46,
              "column": 48
            }
          }
        ],
        "line": 46
      },
      "8": {
        "loc": {
          "start": {
            "line": 47,
            "column": 5
          },
          "end": {
            "line": 47,
            "column": 48
          }
        },
        "type": "binary-expr",
        "locations": [
          {
            "start": {
              "line": 47,
              "column": 5
            },
            "end": {
              "line": 47,
              "column": 16
            }
          },
          {
            "start": {
              "line": 47,
              "column": 20
            },
            "end": {
              "line": 47,
              "column": 48
            }
          }
        ],
        "line": 47
      },
      "9": {
        "loc": {
          "start": {
            "line": 48,
            "column": 5
          },
          "end": {
            "line": 48,
            "column": 122
          }
        },
        "type": "cond-expr",
        "locations": [
          {
            "start": {
              "line": 48,
              "column": 51
            },
            "end": {
              "line": 48,
              "column": 115
            }
          },
          {
            "start": {
              "line": 48,
              "column": 118
            },
            "end": {
              "line": 48,
              "column": 122
            }
          }
        ],
        "line": 48
      },
      "10": {
        "loc": {
          "start": {
            "line": 48,
            "column": 5
          },
          "end": {
            "line": 48,
            "column": 48
          }
        },
        "type": "binary-expr",
        "locations": [
          {
            "start": {
              "line": 48,
              "column": 5
            },
            "end": {
              "line": 48,
              "column": 29
            }
          },
          {
            "start": {
              "line": 48,
              "column": 33
            },
            "end": {
              "line": 48,
              "column": 48
            }
          }
        ],
        "line": 48
      },
      "11": {
        "loc": {
          "start": {
            "line": 49,
            "column": 5
          },
          "end": {
            "line": 49,
            "column": 138
          }
        },
        "type": "cond-expr",
        "locations": [
          {
            "start": {
              "line": 49,
              "column": 59
            },
            "end": {
              "line": 49,
              "column": 131
            }
          },
          {
            "start": {
              "line": 49,
              "column": 134
            },
            "end": {
              "line": 49,
              "column": 138
            }
          }
        ],
        "line": 49
      },
      "12": {
        "loc": {
          "start": {
            "line": 49,
            "column": 5
          },
          "end": {
            "line": 49,
            "column": 56
          }
        },
        "type": "binary-expr",
        "locations": [
          {
            "start": {
              "line": 49,
              "column": 5
            },
            "end": {
              "line": 49,
              "column": 33
            }
          },
          {
            "start": {
              "line": 49,
              "column": 37
            },
            "end": {
              "line": 49,
              "column": 56
            }
          }
        ],
        "line": 49
      }
    },
    "s": {
      "0": 3,
      "1": 14,
      "2": 14,
      "3": 14,
      "4": 14,
      "5": 14,
      "6": 14,
      "7": 6,
      "8": 0,
      "9": 6,
      "10": 6,
      "11": 0,
      "12": 14,
      "13": 4,
      "14": 4,
      "15": 1,
      "16": 1,
      "17": 3,
      "18": 3,
      "19": 3,
      "20": 4,
      "21": 14
    },
    "f": {
      "0": 14,
      "1": 6,
      "2": 4,
      "3": 4
    },
    "b": {
      "0": [
        0,
        6
      ],
      "1": [
        6,
        6
      ],
      "2": [
        6,
        0
      ],
      "3": [
        1,
        3
      ],
      "4": [
        3,
        0
      ],
      "5": [
        14,
        0
      ],
      "6": [
        6,
        8
      ],
      "7": [
        14,
        14
      ],
      "8": [
        14,
        6
      ],
      "9": [
        6,
        8
      ],
      "10": [
        14,
        14
      ],
      "11": [
        0,
        14
      ],
      "12": [
        14,
        0
      ]
    },
    "_coverageSchema": "1a1c01bbd47fc00a2c39e90264f33305004495a9",
    "hash": "00fbf910ea5277d55351a7445dbc4c750092af6e"
  }
}